[00:01:41] [User Authenticator #12/INFO]: UUID of player NAT3333 is fdb66e07-9cc9-31fb-8fe6-a22936d04d0b
[00:01:43] [Server thread/INFO]: NAT3333 joined the game
[00:01:43] [Server thread/INFO]: NAT3333[/127.126.92.91:37903] logged in with entity id 3825 at ([world]21.681897930858735, 64.0000001, 94.41314178925418)
[00:02:11] [Netty Epoll Server IO #0/INFO]: [GrimAC] Disconnecting NAT3333 for spamming invalid packets, packets cancelled within a second 101
[00:02:11] [Netty Epoll Server IO #0/INFO]: [GrimAC] Disconnecting NAT3333 for disconnect.closed
[00:02:11] [Server thread/INFO]: NAT3333 lost connection: disconnect.closed
[00:02:11] [Server thread/INFO]: NAT3333 left the game
[00:07:44] [User Authenticator #13/INFO]: UUID of player NAT3333 is fdb66e07-9cc9-31fb-8fe6-a22936d04d0b
[00:07:47] [Server thread/INFO]: NAT3333 joined the game
[00:07:47] [Server thread/INFO]: NAT3333[/127.126.92.91:38135] logged in with entity id 4618 at ([world]21.681897930858735, 64.00000019999999, 94.41314178925418)
[00:07:53] [Server thread/INFO]: elguatavo7u7159 issued server command: /tp NAT3333 elguatavo7u7159
[00:07:53] [Server thread/INFO]: [elguatavo7u7159: Teleported NAT3333 to elguatavo7u7159]
[00:08:05] [Server thread/INFO]: elguatavo7u7159 issued server command: /tp NAT3333 elguatavo7u7159
[00:08:05] [Server thread/INFO]: [elguatavo7u7159: Teleported NAT3333 to elguatavo7u7159]
[00:08:29] [Server thread/INFO]: elguatavo7u7159 issued server command: /tp NAT3333 elguatavo7u7159
[00:08:29] [Server thread/INFO]: [elguatavo7u7159: Teleported NAT3333 to elguatavo7u7159]
[00:08:39] [Server thread/INFO]: NAT3333 lost connection: Timed out
[00:08:39] [Server thread/INFO]: NAT3333 left the game
[00:09:40] [User Authenticator #14/INFO]: UUID of player NAT3333 is fdb66e07-9cc9-31fb-8fe6-a22936d04d0b
[00:10:06] [Server thread/INFO]: NAT3333 joined the game
[00:10:06] [Server thread/INFO]: NAT3333[/127.126.92.91:47327] logged in with entity id 4843 at ([world]22.901859648347347, 64.0, 94.13363533980204)
[00:11:00] [Server thread/INFO]: NAT3333 lost connection: Timed out
[00:11:00] [Server thread/INFO]: NAT3333 left the game
[00:16:18] [User Authenticator #15/INFO]: UUID of player NAT3333 is fdb66e07-9cc9-31fb-8fe6-a22936d04d0b
[00:16:20] [Server thread/INFO]: NAT3333 joined the game
[00:16:20] [Server thread/INFO]: NAT3333[/127.126.92.91:42799] logged in with entity id 5851 at ([world]16.547098782804838, 64.0, 94.05914419512405)
[00:17:17] [Netty Epoll Server IO #1/INFO]: [GrimAC] Disconnecting NAT3333 for spamming invalid packets, packets cancelled within a second 101
[00:17:17] [Netty Epoll Server IO #1/INFO]: [GrimAC] Disconnecting NAT3333 for disconnect.closed
[00:17:17] [Server thread/INFO]: NAT3333 lost connection: disconnect.closed
[00:17:18] [Server thread/INFO]: NAT3333 left the game
[00:17:38] [User Authenticator #16/INFO]: UUID of player NAT3333 is fdb66e07-9cc9-31fb-8fe6-a22936d04d0b
[00:17:39] [Server thread/INFO]: NAT3333 joined the game
[00:17:39] [Server thread/INFO]: NAT3333[/127.126.92.91:40125] logged in with entity id 6072 at ([world]21.42701458854624, 62.101315209874755, 114.9589430518752)
[00:18:22] [Server thread/INFO]: NAT3333 lost connection: Disconnected
[00:18:22] [Server thread/INFO]: NAT3333 left the game
[00:18:47] [Server thread/INFO]: elguatavo7u7159 lost connection: Disconnected
[00:18:47] [Server thread/INFO]: elguatavo7u7159 left the game
[00:18:55] [Server thread/INFO]: Stopping the server
[00:18:56] [Server thread/INFO]: Stopping server
[00:18:56] [Server thread/INFO]: [GrimAC] Disabling GrimAC v2.3.69
[00:18:56] [Server thread/INFO]: [GrimAC] Terminating PacketEvents...
[00:18:56] [Server thread/INFO]: [SkinsRestorer] Disabling SkinsRestorer v15.6.3
[00:18:56] [Server thread/INFO]: [LoginSecurity] Disabling LoginSecurity v3.3.0
[00:18:56] [Server thread/INFO]: [LoginSecurity] Waiting for queued tasks...
[00:18:56] [Server thread/INFO]: [LoginSecurity] ExecutorService shut down, ready to disable.
[00:18:56] [Server thread/INFO]: [ViaRewind] Disabling ViaRewind v4.0.7
[00:18:56] [Server thread/INFO]: [Geyser-Spigot] Disabling Geyser-Spigot v2.7.1-SNAPSHOT
[00:18:56] [Server thread/INFO]: [Geyser-Spigot] Shutting down Geyser.
[00:18:56] [Server thread/INFO]: [Geyser-Spigot] Geyser shutdown successfully.
[00:18:56] [Server thread/INFO]: [ViaBackwards] Disabling ViaBackwards v5.3.2
[00:18:56] [Server thread/INFO]: [floodgate] Disabling floodgate v2.2.4-SNAPSHOT (b116-0e3163c)
[00:18:56] [Server thread/INFO]: [ViaVersion] Disabling ViaVersion v5.3.2
[00:18:56] [Server thread/INFO]: [ViaVersion] ViaVersion has been disabled; uninjected the platform and shut down the scheduler.
[00:18:56] [Server thread/INFO]: Saving players
[00:18:56] [WebSocketConnectReadThread-105/INFO]: [Geyser-Spigot] The skin uploader has been closed
[00:18:56] [Server thread/INFO]: Saving worlds
[00:18:56] [Server thread/INFO]: Saving chunks for level 'ServerLevel[world]'/minecraft:overworld
[00:18:56] [Server thread/INFO]: [ChunkHolderManager] Waiting 60s for chunk system to halt for world 'world'
[00:18:56] [Server thread/INFO]: [ChunkHolderManager] Halted chunk system for world 'world'
[00:18:56] [Server thread/INFO]: [ChunkHolderManager] Saving all chunkholders for world 'world'
[00:18:56] [Server thread/INFO]: [ChunkHolderManager] Saved 0 block chunks, 0 entity chunks, 0 poi chunks in world 'world' in 0.04s
[00:18:56] [Server thread/INFO]: [ChunkHolderManager] Waiting 60s for chunk I/O to halt for world 'world'
[00:18:56] [Server thread/INFO]: [ChunkHolderManager] Halted I/O scheduler for world 'world'
[00:18:56] [Server thread/INFO]: Saving chunks for level 'ServerLevel[world_nether]'/minecraft:the_nether
[00:18:56] [Server thread/INFO]: [ChunkHolderManager] Waiting 60s for chunk system to halt for world 'world_nether'
[00:18:56] [Server thread/INFO]: [ChunkHolderManager] Halted chunk system for world 'world_nether'
[00:18:56] [Server thread/INFO]: [ChunkHolderManager] Saving all chunkholders for world 'world_nether'
[00:18:56] [Server thread/INFO]: [ChunkHolderManager] Saved 0 block chunks, 0 entity chunks, 0 poi chunks in world 'world_nether' in 0.00s
[00:18:56] [Server thread/INFO]: [ChunkHolderManager] Waiting 60s for chunk I/O to halt for world 'world_nether'
[00:18:56] [Server thread/INFO]: [ChunkHolderManager] Halted I/O scheduler for world 'world_nether'
[00:18:56] [Server thread/INFO]: Saving chunks for level 'ServerLevel[world_the_end]'/minecraft:the_end
[00:18:56] [Server thread/INFO]: [ChunkHolderManager] Waiting 60s for chunk system to halt for world 'world_the_end'
[00:18:56] [Server thread/INFO]: [ChunkHolderManager] Halted chunk system for world 'world_the_end'
[00:18:56] [Server thread/INFO]: [ChunkHolderManager] Saving all chunkholders for world 'world_the_end'
[00:18:56] [Server thread/INFO]: [ChunkHolderManager] Saved 0 block chunks, 0 entity chunks, 0 poi chunks in world 'world_the_end' in 0.00s
[00:18:56] [Server thread/INFO]: [ChunkHolderManager] Waiting 60s for chunk I/O to halt for world 'world_the_end'
[00:18:56] [Server thread/INFO]: [ChunkHolderManager] Halted I/O scheduler for world 'world_the_end'
[00:18:56] [Server thread/INFO]: ThreadedAnvilChunkStorage (world): All chunks are saved
[00:18:56] [Server thread/INFO]: ThreadedAnvilChunkStorage (DIM-1): All chunks are saved
[00:18:56] [Server thread/INFO]: ThreadedAnvilChunkStorage (DIM1): All chunks are saved
[00:18:56] [Server thread/INFO]: ThreadedAnvilChunkStorage: All dimensions are saved
[00:18:56] [Server thread/INFO]: Waiting for I/O tasks to complete...
[00:18:56] [Server thread/INFO]: All I/O tasks to complete
[00:18:56] [Server thread/INFO]: [MoonriseCommon] Awaiting termination of worker pool for up to 60s...
[00:18:56] [Server thread/INFO]: [MoonriseCommon] Awaiting termination of I/O pool for up to 60s...
